TN:
SF:api/routes/auth.ts
FN:13,(anonymous_0)
FN:21,(anonymous_1)
FN:29,(anonymous_2)
FNF:3
FNH:0
FNDA:0,(anonymous_0)
FNDA:0,(anonymous_1)
FNDA:0,(anonymous_2)
DA:5,0
DA:7,0
DA:13,0
DA:21,0
DA:29,0
DA:33,0
LF:6
LH:0
BRF:0
BRH:0
end_of_record
TN:
SF:api/routes/graph.ts
FN:6,(anonymous_1)
FN:15,(anonymous_2)
FN:31,(anonymous_3)
FN:46,(anonymous_4)
FNF:4
FNH:0
FNDA:0,(anonymous_1)
FNDA:0,(anonymous_2)
FNDA:0,(anonymous_3)
FNDA:0,(anonymous_4)
DA:1,0
DA:2,0
DA:4,0
DA:6,0
DA:7,0
DA:8,0
DA:9,0
DA:10,0
DA:12,0
DA:13,0
DA:15,0
DA:16,0
DA:31,0
DA:32,0
DA:44,0
DA:46,0
DA:47,0
DA:48,0
DA:49,0
DA:50,0
DA:60,0
DA:65,0
DA:69,0
LF:23
LH:0
BRDA:48,0,0,0
BRDA:48,0,1,0
BRF:2
BRH:0
end_of_record
TN:
SF:api/routes/import.ts
FN:17,(anonymous_1)
FN:26,(anonymous_2)
FN:42,(anonymous_3)
FN:52,(anonymous_4)
FN:66,(anonymous_5)
FN:121,(anonymous_6)
FN:135,(anonymous_7)
FN:137,(anonymous_8)
FN:139,(anonymous_9)
FN:149,(anonymous_10)
FN:150,(anonymous_11)
FN:152,(anonymous_12)
FN:182,(anonymous_13)
FN:185,(anonymous_14)
FN:214,(anonymous_15)
FN:221,(anonymous_16)
FN:240,(anonymous_17)
FNF:17
FNH:0
FNDA:0,(anonymous_1)
FNDA:0,(anonymous_2)
FNDA:0,(anonymous_3)
FNDA:0,(anonymous_4)
FNDA:0,(anonymous_5)
FNDA:0,(anonymous_6)
FNDA:0,(anonymous_7)
FNDA:0,(anonymous_8)
FNDA:0,(anonymous_9)
FNDA:0,(anonymous_10)
FNDA:0,(anonymous_11)
FNDA:0,(anonymous_12)
FNDA:0,(anonymous_13)
FNDA:0,(anonymous_14)
FNDA:0,(anonymous_15)
FNDA:0,(anonymous_16)
FNDA:0,(anonymous_17)
DA:1,0
DA:2,0
DA:3,0
DA:4,0
DA:17,0
DA:18,0
DA:19,0
DA:20,0
DA:23,0
DA:26,0
DA:27,0
DA:28,0
DA:29,0
DA:30,0
DA:31,0
DA:35,0
DA:36,0
DA:39,0
DA:42,0
DA:43,0
DA:44,0
DA:45,0
DA:46,0
DA:49,0
DA:52,0
DA:53,0
DA:54,0
DA:55,0
DA:56,0
DA:57,0
DA:59,0
DA:60,0
DA:61,0
DA:62,0
DA:63,0
DA:64,0
DA:65,0
DA:66,0
DA:67,0
DA:68,0
DA:70,0
DA:72,0
DA:75,0
DA:78,0
DA:79,0
DA:80,0
DA:81,0
DA:89,0
DA:90,0
DA:93,0
DA:96,0
DA:97,0
DA:98,0
DA:99,0
DA:107,0
DA:108,0
DA:109,0
DA:112,0
DA:115,0
DA:118,0
DA:121,0
DA:122,0
DA:123,0
DA:124,0
DA:125,0
DA:126,0
DA:128,0
DA:129,0
DA:130,0
DA:131,0
DA:132,0
DA:133,0
DA:134,0
DA:135,0
DA:136,0
DA:137,0
DA:138,0
DA:139,0
DA:140,0
DA:141,0
DA:145,0
DA:148,0
DA:149,0
DA:150,0
DA:151,0
DA:152,0
DA:160,0
DA:165,0
DA:168,0
DA:171,0
DA:172,0
DA:173,0
DA:174,0
DA:181,0
DA:182,0
DA:183,0
DA:184,0
DA:185,0
DA:192,0
DA:195,0
DA:198,0
DA:199,0
DA:200,0
DA:201,0
DA:208,0
DA:209,0
DA:214,0
DA:215,0
DA:216,0
DA:221,0
DA:228,0
DA:231,0
DA:234,0
DA:237,0
DA:240,0
DA:241,0
DA:242,0
DA:243,0
DA:244,0
DA:245,0
DA:246,0
DA:248,0
DA:249,0
DA:250,0
DA:251,0
DA:252,0
DA:253,0
DA:255,0
DA:259,0
DA:260,0
DA:261,0
DA:267,0
DA:270,0
DA:273,0
LF:134
LH:0
BRDA:34,0,0,0
BRDA:34,0,1,0
BRDA:34,1,0,0
BRDA:34,1,1,0
BRDA:34,2,0,0
BRDA:34,2,1,0
BRDA:34,3,0,0
BRDA:34,3,1,0
BRDA:56,4,0,0
BRDA:56,4,1,0
BRDA:62,5,0,0
BRDA:62,5,1,0
BRDA:65,6,0,0
BRDA:65,6,1,0
BRDA:67,7,0,0
BRDA:67,7,1,0
BRDA:78,8,0,0
BRDA:78,8,1,0
BRDA:96,9,0,0
BRDA:96,9,1,0
BRDA:125,10,0,0
BRDA:125,10,1,0
BRDA:130,11,0,0
BRDA:130,11,1,0
BRDA:133,12,0,0
BRDA:133,12,1,0
BRDA:138,13,0,0
BRDA:138,13,1,0
BRDA:138,14,0,0
BRDA:138,14,1,0
BRDA:140,15,0,0
BRDA:140,15,1,0
BRDA:140,16,0,0
BRDA:140,16,1,0
BRDA:151,17,0,0
BRDA:151,17,1,0
BRDA:151,18,0,0
BRDA:151,18,1,0
BRDA:171,19,0,0
BRDA:171,19,1,0
BRDA:198,20,0,0
BRDA:198,20,1,0
BRDA:245,21,0,0
BRDA:245,21,1,0
BRDA:252,22,0,0
BRDA:252,22,1,0
BRDA:264,23,0,0
BRDA:264,23,1,0
BRDA:264,24,0,0
BRDA:264,24,1,0
BRF:50
BRH:0
end_of_record
TN:
SF:api/routes/index.ts
FNF:0
FNH:0
DA:1,0
DA:2,0
DA:3,0
DA:4,0
DA:5,0
DA:6,0
DA:7,0
DA:8,0
DA:9,0
DA:11,0
DA:13,0
DA:14,0
DA:15,0
DA:16,0
DA:17,0
DA:18,0
DA:19,0
DA:20,0
DA:22,0
LF:19
LH:0
BRF:0
BRH:0
end_of_record
TN:
SF:api/routes/interfaces.ts
FN:7,(anonymous_1)
FN:33,(anonymous_2)
FN:46,(anonymous_3)
FN:63,(anonymous_4)
FN:77,(anonymous_5)
FN:117,(anonymous_6)
FN:161,(anonymous_7)
FNF:7
FNH:0
FNDA:0,(anonymous_1)
FNDA:0,(anonymous_2)
FNDA:0,(anonymous_3)
FNDA:0,(anonymous_4)
FNDA:0,(anonymous_5)
FNDA:0,(anonymous_6)
FNDA:0,(anonymous_7)
DA:1,0
DA:2,0
DA:3,0
DA:5,0
DA:7,0
DA:8,0
DA:9,0
DA:10,0
DA:11,0
DA:13,0
DA:14,0
DA:15,0
DA:18,0
DA:19,0
DA:20,0
DA:23,0
DA:24,0
DA:25,0
DA:26,0
DA:29,0
DA:31,0
DA:33,0
DA:40,0
DA:42,0
DA:46,0
DA:47,0
DA:48,0
DA:49,0
DA:51,0
DA:52,0
DA:55,0
DA:62,0
DA:63,0
DA:68,0
DA:69,0
DA:71,0
DA:73,0
DA:77,0
DA:78,0
DA:79,0
DA:81,0
DA:82,0
DA:84,0
DA:104,0
DA:106,0
DA:113,0
DA:117,0
DA:118,0
DA:119,0
DA:120,0
DA:122,0
DA:123,0
DA:124,0
DA:127,0
DA:129,0
DA:148,0
DA:150,0
DA:157,0
DA:161,0
DA:162,0
DA:163,0
DA:165,0
DA:166,0
DA:167,0
DA:170,0
DA:172,0
DA:174,0
DA:178,0
LF:68
LH:0
BRDA:13,0,0,0
BRDA:13,0,1,0
BRDA:18,1,0,0
BRDA:18,1,1,0
BRDA:23,2,0,0
BRDA:23,2,1,0
BRDA:35,3,0,0
BRDA:35,3,1,0
BRDA:36,4,0,0
BRDA:36,4,1,0
BRDA:37,5,0,0
BRDA:37,5,1,0
BRDA:51,6,0,0
BRDA:51,6,1,0
BRDA:57,7,0,0
BRDA:57,7,1,0
BRDA:58,8,0,0
BRDA:58,8,1,0
BRDA:59,9,0,0
BRDA:59,9,1,0
BRDA:94,10,0,0
BRDA:94,10,1,0
BRDA:95,11,0,0
BRDA:95,11,1,0
BRDA:96,12,0,0
BRDA:96,12,1,0
BRDA:97,13,0,0
BRDA:97,13,1,0
BRDA:98,14,0,0
BRDA:98,14,1,0
BRDA:99,15,0,0
BRDA:99,15,1,0
BRDA:108,16,0,0
BRDA:108,16,1,0
BRDA:109,17,0,0
BRDA:109,17,1,0
BRDA:110,18,0,0
BRDA:110,18,1,0
BRDA:123,19,0,0
BRDA:123,19,1,0
BRDA:139,20,0,0
BRDA:139,20,1,0
BRDA:142,21,0,0
BRDA:142,21,1,0
BRDA:143,22,0,0
BRDA:143,22,1,0
BRDA:152,23,0,0
BRDA:152,23,1,0
BRDA:153,24,0,0
BRDA:153,24,1,0
BRDA:154,25,0,0
BRDA:154,25,1,0
BRDA:166,26,0,0
BRDA:166,26,1,0
BRF:54
BRH:0
end_of_record
TN:
SF:api/routes/mock.ts
FN:7,(anonymous_1)
FN:10,(anonymous_2)
FN:19,(anonymous_3)
FN:52,(anonymous_4)
FN:84,(anonymous_5)
FN:94,(anonymous_6)
FN:112,(anonymous_7)
FNF:7
FNH:0
FNDA:0,(anonymous_1)
FNDA:0,(anonymous_2)
FNDA:0,(anonymous_3)
FNDA:0,(anonymous_4)
FNDA:0,(anonymous_5)
FNDA:0,(anonymous_6)
FNDA:0,(anonymous_7)
DA:1,0
DA:2,0
DA:3,0
DA:5,0
DA:7,0
DA:8,0
DA:9,0
DA:10,0
DA:15,0
DA:19,0
DA:20,0
DA:21,0
DA:23,0
DA:24,0
DA:26,0
DA:42,0
DA:43,0
DA:48,0
DA:52,0
DA:53,0
DA:54,0
DA:55,0
DA:57,0
DA:59,0
DA:74,0
DA:75,0
DA:80,0
DA:84,0
DA:85,0
DA:86,0
DA:87,0
DA:88,0
DA:90,0
DA:94,0
DA:95,0
DA:96,0
DA:97,0
DA:99,0
DA:104,0
DA:105,0
DA:108,0
DA:109,0
DA:110,0
DA:112,0
DA:113,0
DA:116,0
DA:120,0
LF:47
LH:0
BRDA:12,0,0,0
BRDA:12,0,1,0
BRDA:31,1,0,0
BRDA:31,1,1,0
BRDA:33,2,0,0
BRDA:33,2,1,0
BRDA:34,3,0,0
BRDA:34,3,1,0
BRDA:35,4,0,0
BRDA:35,4,1,0
BRDA:36,5,0,0
BRDA:36,5,1,0
BRDA:37,6,0,0
BRDA:37,6,1,0
BRDA:45,7,0,0
BRDA:45,7,1,0
BRDA:65,8,0,0
BRDA:65,8,1,0
BRDA:66,9,0,0
BRDA:66,9,1,0
BRDA:67,10,0,0
BRDA:67,10,1,0
BRDA:68,11,0,0
BRDA:68,11,1,0
BRDA:69,12,0,0
BRDA:69,12,1,0
BRDA:77,13,0,0
BRDA:77,13,1,0
BRDA:104,14,0,0
BRDA:104,14,1,0
BRDA:108,15,0,0
BRDA:108,15,1,0
BRDA:109,16,0,0
BRDA:109,16,1,0
BRDA:110,17,0,0
BRDA:110,17,1,0
BRF:36
BRH:0
end_of_record
TN:
SF:api/routes/models.ts
FN:7,(anonymous_1)
FN:11,(anonymous_2)
FN:15,(anonymous_3)
FN:29,(anonymous_4)
FN:49,(anonymous_5)
FN:61,(anonymous_6)
FN:83,(anonymous_7)
FN:103,(anonymous_8)
FN:114,(anonymous_9)
FN:140,(anonymous_10)
FN:160,(anonymous_11)
FN:171,(anonymous_12)
FNF:12
FNH:0
FNDA:0,(anonymous_1)
FNDA:0,(anonymous_2)
FNDA:0,(anonymous_3)
FNDA:0,(anonymous_4)
FNDA:0,(anonymous_5)
FNDA:0,(anonymous_6)
FNDA:0,(anonymous_7)
FNDA:0,(anonymous_8)
FNDA:0,(anonymous_9)
FNDA:0,(anonymous_10)
FNDA:0,(anonymous_11)
FNDA:0,(anonymous_12)
DA:1,0
DA:2,0
DA:3,0
DA:5,0
DA:7,0
DA:8,0
DA:9,0
DA:11,0
DA:12,0
DA:13,0
DA:15,0
DA:23,0
DA:25,0
DA:29,0
DA:30,0
DA:31,0
DA:32,0
DA:34,0
DA:35,0
DA:38,0
DA:40,0
DA:47,0
DA:49,0
DA:57,0
DA:61,0
DA:62,0
DA:63,0
DA:65,0
DA:66,0
DA:67,0
DA:70,0
DA:72,0
DA:77,0
DA:78,0
DA:83,0
DA:84,0
DA:98,0
DA:99,0
DA:101,0
DA:103,0
DA:110,0
DA:114,0
DA:115,0
DA:116,0
DA:117,0
DA:119,0
DA:120,0
DA:121,0
DA:124,0
DA:126,0
DA:132,0
DA:133,0
DA:135,0
DA:140,0
DA:141,0
DA:155,0
DA:156,0
DA:158,0
DA:160,0
DA:167,0
DA:171,0
DA:172,0
DA:173,0
DA:175,0
DA:176,0
DA:177,0
DA:180,0
DA:182,0
DA:184,0
DA:188,0
LF:70
LH:0
BRDA:34,0,0,0
BRDA:34,0,1,0
BRDA:66,1,0,0
BRDA:66,1,1,0
BRDA:77,2,0,0
BRDA:77,2,1,0
BRDA:77,3,0,0
BRDA:77,3,1,0
BRDA:90,4,0,0
BRDA:90,4,1,0
BRDA:91,5,0,0
BRDA:91,5,1,0
BRDA:92,6,0,0
BRDA:92,6,1,0
BRDA:93,7,0,0
BRDA:93,7,1,0
BRDA:120,8,0,0
BRDA:120,8,1,0
BRDA:132,9,0,0
BRDA:132,9,1,0
BRDA:132,10,0,0
BRDA:132,10,1,0
BRDA:147,11,0,0
BRDA:147,11,1,0
BRDA:148,12,0,0
BRDA:148,12,1,0
BRDA:149,13,0,0
BRDA:149,13,1,0
BRDA:150,14,0,0
BRDA:150,14,1,0
BRDA:176,15,0,0
BRDA:176,15,1,0
BRF:32
BRH:0
end_of_record
TN:
SF:api/routes/parser.ts
FN:33,(anonymous_1)
FN:48,(anonymous_2)
FN:58,(anonymous_3)
FN:64,(anonymous_4)
FN:90,(anonymous_5)
FN:176,parseJavaController
FN:218,parseMethodParameters
FN:246,parseRequestBody
FN:257,parseJavaDoc
FN:274,extractTags
FN:284,parseJavaModels
FN:325,extractFieldComment
FN:337,parseNodeExpress
FN:359,extractRouteName
FN:360,(anonymous_15)
FN:361,(anonymous_16)
FN:364,capitalize
FN:368,extractRouteComment
FN:381,extractNodeParameters
FN:398,parseNodeModels
FN:424,parseTypeScriptFields
FN:441,snakeCase
FN:445,convertJavaType
FN:475,generateAutoMappings
FN:508,isFieldMatch
FNF:25
FNH:0
FNDA:0,(anonymous_1)
FNDA:0,(anonymous_2)
FNDA:0,(anonymous_3)
FNDA:0,(anonymous_4)
FNDA:0,(anonymous_5)
FNDA:0,parseJavaController
FNDA:0,parseMethodParameters
FNDA:0,parseRequestBody
FNDA:0,parseJavaDoc
FNDA:0,extractTags
FNDA:0,parseJavaModels
FNDA:0,extractFieldComment
FNDA:0,parseNodeExpress
FNDA:0,extractRouteName
FNDA:0,(anonymous_15)
FNDA:0,(anonymous_16)
FNDA:0,capitalize
FNDA:0,extractRouteComment
FNDA:0,extractNodeParameters
FNDA:0,parseNodeModels
FNDA:0,parseTypeScriptFields
FNDA:0,snakeCase
FNDA:0,convertJavaType
FNDA:0,generateAutoMappings
FNDA:0,isFieldMatch
DA:1,0
DA:2,0
DA:3,0
DA:5,0
DA:33,0
DA:34,0
DA:35,0
DA:36,0
DA:37,0
DA:38,0
DA:39,0
DA:40,0
DA:41,0
DA:43,0
DA:44,0
DA:48,0
DA:49,0
DA:50,0
DA:51,0
DA:52,0
DA:54,0
DA:58,0
DA:59,0
DA:60,0
DA:61,0
DA:62,0
DA:64,0
DA:65,0
DA:67,0
DA:68,0
DA:69,0
DA:70,0
DA:71,0
DA:72,0
DA:73,0
DA:75,0
DA:76,0
DA:77,0
DA:79,0
DA:80,0
DA:84,0
DA:86,0
DA:90,0
DA:91,0
DA:92,0
DA:93,0
DA:94,0
DA:96,0
DA:97,0
DA:98,0
DA:100,0
DA:101,0
DA:118,0
DA:119,0
DA:125,0
DA:128,0
DA:129,0
DA:130,0
DA:132,0
DA:137,0
DA:138,0
DA:152,0
DA:155,0
DA:156,0
DA:157,0
DA:158,0
DA:159,0
DA:161,0
DA:166,0
DA:170,0
DA:172,0
DA:177,0
DA:179,0
DA:180,0
DA:182,0
DA:185,0
DA:186,0
DA:188,0
DA:196,0
DA:197,0
DA:198,0
DA:199,0
DA:201,0
DA:203,0
DA:215,0
DA:219,0
DA:220,0
DA:221,0
DA:223,0
DA:224,0
DA:225,0
DA:228,0
DA:229,0
DA:231,0
DA:243,0
DA:247,0
DA:248,0
DA:249,0
DA:250,0
DA:251,0
DA:252,0
DA:254,0
DA:258,0
DA:259,0
DA:260,0
DA:261,0
DA:262,0
DA:263,0
DA:264,0
DA:265,0
DA:268,0
DA:271,0
DA:275,0
DA:276,0
DA:278,0
DA:279,0
DA:281,0
DA:285,0
DA:286,0
DA:289,0
DA:290,0
DA:291,0
DA:293,0
DA:294,0
DA:297,0
DA:298,0
DA:299,0
DA:301,0
DA:303,0
DA:304,0
DA:306,0
DA:314,0
DA:315,0
DA:322,0
DA:326,0
DA:327,0
DA:328,0
DA:329,0
DA:330,0
DA:334,0
DA:338,0
DA:340,0
DA:343,0
DA:344,0
DA:346,0
DA:356,0
DA:360,0
DA:361,0
DA:365,0
DA:369,0
DA:370,0
DA:371,0
DA:372,0
DA:374,0
DA:375,0
DA:378,0
DA:382,0
DA:383,0
DA:386,0
DA:387,0
DA:395,0
DA:399,0
DA:401,0
DA:402,0
DA:405,0
DA:406,0
DA:407,0
DA:413,0
DA:414,0
DA:415,0
DA:421,0
DA:425,0
DA:426,0
DA:429,0
DA:430,0
DA:431,0
DA:438,0
DA:442,0
DA:446,0
DA:466,0
DA:467,0
DA:468,0
DA:472,0
DA:486,0
DA:488,0
DA:489,0
DA:490,0
DA:491,0
DA:492,0
DA:493,0
DA:505,0
DA:509,0
DA:510,0
DA:512,0
DA:517,0
LF:195
LH:0
BRDA:67,0,0,0
BRDA:67,0,1,0
BRDA:68,1,0,0
BRDA:68,1,1,0
BRDA:68,2,0,0
BRDA:68,2,1,0
BRDA:71,3,0,0
BRDA:71,3,1,0
BRDA:71,4,0,0
BRDA:71,4,1,0
BRDA:71,4,2,0
BRDA:75,5,0,0
BRDA:75,5,1,0
BRDA:75,6,0,0
BRDA:75,6,1,0
BRDA:98,7,0,0
BRDA:98,7,1,0
BRDA:110,8,0,0
BRDA:110,8,1,0
BRDA:122,9,0,0
BRDA:122,9,1,0
BRDA:130,10,0,0
BRDA:130,10,1,0
BRDA:147,11,0,0
BRDA:147,11,1,0
BRDA:148,12,0,0
BRDA:148,12,1,0
BRDA:155,13,0,0
BRDA:155,13,1,0
BRDA:155,14,0,0
BRDA:155,14,1,0
BRDA:159,15,0,0
BRDA:159,15,1,0
BRDA:180,16,0,0
BRDA:180,16,1,0
BRDA:201,17,0,0
BRDA:201,17,1,0
BRDA:223,18,0,0
BRDA:223,18,1,0
BRDA:233,19,0,0
BRDA:233,19,1,0
BRDA:234,20,0,0
BRDA:234,20,1,0
BRDA:235,21,0,0
BRDA:235,21,1,0
BRDA:236,22,0,0
BRDA:236,22,1,0
BRDA:238,23,0,0
BRDA:238,23,1,0
BRDA:249,24,0,0
BRDA:249,24,1,0
BRDA:252,25,0,0
BRDA:252,25,1,0
BRDA:260,26,0,0
BRDA:260,26,1,0
BRDA:260,27,0,0
BRDA:260,27,1,0
BRDA:263,28,0,0
BRDA:263,28,1,0
BRDA:264,29,0,0
BRDA:264,29,1,0
BRDA:291,30,0,0
BRDA:291,30,1,0
BRDA:291,31,0,0
BRDA:291,31,1,0
BRDA:299,32,0,0
BRDA:299,32,1,0
BRDA:309,33,0,0
BRDA:309,33,1,0
BRDA:309,33,2,0
BRDA:309,33,3,0
BRDA:314,34,0,0
BRDA:314,34,1,0
BRDA:328,35,0,0
BRDA:328,35,1,0
BRDA:328,36,0,0
BRDA:328,36,1,0
BRDA:329,37,0,0
BRDA:329,37,1,0
BRDA:329,38,0,0
BRDA:329,38,1,0
BRDA:361,39,0,0
BRDA:361,39,1,0
BRDA:371,40,0,0
BRDA:371,40,1,0
BRDA:374,41,0,0
BRDA:374,41,1,0
BRDA:374,42,0,0
BRDA:374,42,1,0
BRDA:467,43,0,0
BRDA:467,43,1,0
BRDA:492,44,0,0
BRDA:492,44,1,0
BRDA:512,45,0,0
BRDA:512,45,1,0
BRDA:512,45,2,0
BRF:96
BRH:0
end_of_record
TN:
SF:api/routes/stats.ts
FN:6,(anonymous_1)
FNF:1
FNH:0
FNDA:0,(anonymous_1)
DA:1,0
DA:2,0
DA:4,0
DA:6,0
DA:7,0
DA:8,0
DA:9,0
DA:10,0
DA:12,0
DA:13,0
DA:14,0
DA:16,0
DA:22,0
DA:32,0
DA:36,0
LF:15
LH:0
BRF:0
BRH:0
end_of_record
